2024-08-31 16:18:34,607 - __main__ - INFO - Bot started polling
2024-08-31 16:18:34,607 - aiogram.dispatcher - INFO - Start polling
2024-08-31 16:18:38,626 - aiogram.dispatcher - INFO - Run polling for bot @wildberries_rowi_bot id=6710583759 - 'Wildberries bot'
2024-08-31 16:18:53,800 - __main__ - INFO - User 523258119 issued /start command
2024-08-31 16:18:54,166 - aiogram.event - INFO - Update id=526654624 is handled. Duration 375 ms by bot id=6710583759
2024-08-31 16:19:14,967 - aiogram.event - INFO - Update id=526654625 is handled. Duration 233 ms by bot id=6710583759
2024-08-31 16:19:39,715 - aiogram.event - INFO - Update id=526654626 is handled. Duration 217 ms by bot id=6710583759
2024-08-31 16:20:47,052 - aiogram.dispatcher - INFO - Polling stopped
2024-08-31 16:20:47,309 - __main__ - INFO - Bot stopped polling
2024-08-31 16:20:47,311 - aiogram.dispatcher - INFO - Polling stopped for bot @wildberries_rowi_bot id=6710583759 - 'Wildberries bot'
2024-08-31 16:22:42,871 - __main__ - INFO - Bot started polling
2024-08-31 16:22:42,872 - aiogram.dispatcher - INFO - Start polling
2024-08-31 16:22:43,135 - aiogram.dispatcher - INFO - Run polling for bot @wildberries_rowi_bot id=6710583759 - 'Wildberries bot'
2024-08-31 16:23:06,016 - __main__ - INFO - User 523258119 requested article position
2024-08-31 16:23:06,291 - aiogram.event - INFO - Update id=526654627 is handled. Duration 282 ms by bot id=6710583759
2024-08-31 16:23:15,382 - __main__ - INFO - User 523258119 requested article position
2024-08-31 16:23:15,774 - aiogram.event - INFO - Update id=526654628 is handled. Duration 391 ms by bot id=6710583759
2024-08-31 16:23:21,265 - aiogram.dispatcher - INFO - Polling stopped
2024-08-31 16:23:21,522 - __main__ - INFO - Bot stopped polling
2024-08-31 16:23:21,523 - aiogram.dispatcher - INFO - Polling stopped for bot @wildberries_rowi_bot id=6710583759 - 'Wildberries bot'
